[2026-04-11 10:59:55,986] INFO django.utils.autoreload Watching for file changes with StatReloader
[2026-04-11 10:59:55,986] INFO django.utils.autoreload Watching for file changes with StatReloader
[2026-04-11 11:01:11,872] INFO django.utils.autoreload C:\Users\nimsh\OneDrive\Desktop\medical-dashboard\backend\users\views.py changed, reloading.
[2026-04-11 11:01:11,872] INFO django.utils.autoreload C:\Users\nimsh\OneDrive\Desktop\medical-dashboard\backend\users\views.py changed, reloading.
[2026-04-11 11:01:17,508] INFO django.utils.autoreload Watching for file changes with StatReloader
[2026-04-11 11:01:17,508] INFO django.utils.autoreload Watching for file changes with StatReloader
[2026-04-11 11:01:21,899] INFO django.utils.autoreload C:\Users\nimsh\OneDrive\Desktop\medical-dashboard\backend\users\views.py changed, reloading.
[2026-04-11 11:01:21,899] INFO django.utils.autoreload C:\Users\nimsh\OneDrive\Desktop\medical-dashboard\backend\users\views.py changed, reloading.
[2026-04-11 11:01:25,450] INFO django.utils.autoreload Watching for file changes with StatReloader
[2026-04-11 11:01:25,450] INFO django.utils.autoreload Watching for file changes with StatReloader
[2026-04-11 11:01:48,544] INFO django.utils.autoreload C:\Users\nimsh\OneDrive\Desktop\medical-dashboard\backend\users\views.py changed, reloading.
[2026-04-11 11:01:48,544] INFO django.utils.autoreload C:\Users\nimsh\OneDrive\Desktop\medical-dashboard\backend\users\views.py changed, reloading.
[2026-04-11 11:01:52,829] INFO django.utils.autoreload Watching for file changes with StatReloader
[2026-04-11 11:01:52,829] INFO django.utils.autoreload Watching for file changes with StatReloader
[2026-04-11 11:02:33,467] INFO django.utils.autoreload Watching for file changes with StatReloader
[2026-04-11 11:02:33,467] INFO django.utils.autoreload Watching for file changes with StatReloader
[2026-04-11 11:03:13,807] INFO app forgot_password_requested email=nimshi@gmail.com user_id=2
[2026-04-11 11:03:17,742] INFO app forgot_password_email_sent email=nimshi@gmail.com user_id=2
[2026-04-11 11:03:17,752] INFO app request method=POST path=/api/auth/forgot-password/ status=200 duration_ms=4318.32 user_id=None
[2026-04-11 11:03:17,767] INFO django.server "POST /api/auth/forgot-password/ HTTP/1.1" 200 43
[2026-04-11 11:03:17,767] INFO django.server "POST /api/auth/forgot-password/ HTTP/1.1" 200 43
[2026-04-11 11:03:25,997] WARNING app forgot_password_user_not_found email=nims@gmail.com
[2026-04-11 11:03:25,998] INFO app request method=POST path=/api/auth/forgot-password/ status=404 duration_ms=62.33 user_id=None
[2026-04-11 11:03:26,000] WARNING django.request Not Found: /api/auth/forgot-password/
[2026-04-11 11:03:26,000] WARNING django.request Not Found: /api/auth/forgot-password/
[2026-04-11 11:03:26,002] WARNING django.server "POST /api/auth/forgot-password/ HTTP/1.1" 404 26
[2026-04-11 11:03:26,002] WARNING django.server "POST /api/auth/forgot-password/ HTTP/1.1" 404 26
[2026-04-11 11:04:46,597] INFO django.utils.autoreload C:\Users\nimsh\OneDrive\Desktop\medical-dashboard\backend\patients\views.py changed, reloading.
[2026-04-11 11:04:46,597] INFO django.utils.autoreload C:\Users\nimsh\OneDrive\Desktop\medical-dashboard\backend\patients\views.py changed, reloading.
[2026-04-11 11:04:47,027] INFO django.utils.autoreload C:\Users\nimsh\OneDrive\Desktop\medical-dashboard\backend\patients\views.py changed, reloading.
[2026-04-11 11:04:47,027] INFO django.utils.autoreload C:\Users\nimsh\OneDrive\Desktop\medical-dashboard\backend\patients\views.py changed, reloading.
[2026-04-11 11:04:53,062] INFO django.utils.autoreload Watching for file changes with StatReloader
[2026-04-11 11:04:53,062] INFO django.utils.autoreload Watching for file changes with StatReloader
[2026-04-11 11:04:54,111] INFO django.utils.autoreload Watching for file changes with StatReloader
[2026-04-11 11:04:54,111] INFO django.utils.autoreload Watching for file changes with StatReloader
[2026-04-11 11:05:39,268] WARNING app forgot_password_user_not_found email=nims@gmail.com
[2026-04-11 11:05:39,280] INFO app request method=POST path=/api/auth/forgot-password/ status=404 duration_ms=224.88 user_id=None
[2026-04-11 11:05:39,286] WARNING django.request Not Found: /api/auth/forgot-password/
[2026-04-11 11:05:39,286] WARNING django.request Not Found: /api/auth/forgot-password/
[2026-04-11 11:05:39,288] WARNING django.server "POST /api/auth/forgot-password/ HTTP/1.1" 404 26
[2026-04-11 11:05:39,288] WARNING django.server "POST /api/auth/forgot-password/ HTTP/1.1" 404 26
[2026-04-11 06:11:10,048] INFO django.utils.autoreload Watching for file changes with StatReloader
[2026-04-11 06:11:10,048] INFO django.utils.autoreload Watching for file changes with StatReloader
[2026-04-11 06:15:59,334] INFO django.utils.autoreload /app/medical_dashboard/settings.py changed, reloading.
[2026-04-11 06:15:59,334] INFO django.utils.autoreload /app/medical_dashboard/settings.py changed, reloading.
[2026-04-11 11:46:00,293] INFO django.utils.autoreload C:\Users\nimsh\OneDrive\Desktop\medical-dashboard\backend\medical_dashboard\settings.py changed, reloading.
[2026-04-11 11:46:00,293] INFO django.utils.autoreload C:\Users\nimsh\OneDrive\Desktop\medical-dashboard\backend\medical_dashboard\settings.py changed, reloading.
[2026-04-11 11:46:07,555] INFO django.utils.autoreload Watching for file changes with StatReloader
[2026-04-11 11:46:07,555] INFO django.utils.autoreload Watching for file changes with StatReloader
[2026-04-11 06:16:09,105] INFO django.utils.autoreload Watching for file changes with StatReloader
[2026-04-11 06:16:09,105] INFO django.utils.autoreload Watching for file changes with StatReloader
[2026-04-11 11:46:12,099] INFO django.utils.autoreload C:\Users\nimsh\OneDrive\Desktop\medical-dashboard\backend\medical_dashboard\settings.py changed, reloading.
[2026-04-11 11:46:12,099] INFO django.utils.autoreload C:\Users\nimsh\OneDrive\Desktop\medical-dashboard\backend\medical_dashboard\settings.py changed, reloading.
[2026-04-11 06:16:12,055] INFO django.utils.autoreload /app/medical_dashboard/settings.py changed, reloading.
[2026-04-11 06:16:12,055] INFO django.utils.autoreload /app/medical_dashboard/settings.py changed, reloading.
[2026-04-11 06:16:14,461] INFO django.utils.autoreload Watching for file changes with StatReloader
[2026-04-11 06:16:14,461] INFO django.utils.autoreload Watching for file changes with StatReloader
[2026-04-11 11:46:14,792] INFO django.utils.autoreload Watching for file changes with StatReloader
[2026-04-11 11:46:14,792] INFO django.utils.autoreload Watching for file changes with StatReloader
[2026-04-11 06:16:17,896] INFO django.utils.autoreload /app/medical_dashboard/settings.py changed, reloading.
[2026-04-11 06:16:17,896] INFO django.utils.autoreload /app/medical_dashboard/settings.py changed, reloading.
[2026-04-11 11:46:19,112] INFO django.utils.autoreload C:\Users\nimsh\OneDrive\Desktop\medical-dashboard\backend\medical_dashboard\settings.py changed, reloading.
[2026-04-11 11:46:19,112] INFO django.utils.autoreload C:\Users\nimsh\OneDrive\Desktop\medical-dashboard\backend\medical_dashboard\settings.py changed, reloading.
[2026-04-11 11:46:21,106] INFO django.utils.autoreload Watching for file changes with StatReloader
[2026-04-11 11:46:21,106] INFO django.utils.autoreload Watching for file changes with StatReloader
[2026-04-11 06:21:27,447] INFO django.utils.autoreload Watching for file changes with StatReloader
[2026-04-11 06:21:27,447] INFO django.utils.autoreload Watching for file changes with StatReloader
[2026-04-11 06:26:13,611] INFO django.utils.autoreload Watching for file changes with StatReloader
[2026-04-11 06:26:13,611] INFO django.utils.autoreload Watching for file changes with StatReloader
[2026-04-11 06:28:34,529] INFO django.utils.autoreload Watching for file changes with StatReloader
[2026-04-11 06:28:34,529] INFO django.utils.autoreload Watching for file changes with StatReloader
[2026-04-11 06:33:25,981] INFO django.utils.autoreload Watching for file changes with StatReloader
[2026-04-11 06:33:25,981] INFO django.utils.autoreload Watching for file changes with StatReloader
[2026-04-11 06:36:01,244] INFO django.utils.autoreload Watching for file changes with StatReloader
[2026-04-11 06:36:01,244] INFO django.utils.autoreload Watching for file changes with StatReloader
[2026-04-11 06:39:57,194] INFO django.utils.autoreload Watching for file changes with StatReloader
[2026-04-11 06:39:57,194] INFO django.utils.autoreload Watching for file changes with StatReloader
[2026-04-11 06:44:30,617] INFO django.server "OPTIONS /api/auth/login/ HTTP/1.1" 200 0
[2026-04-11 06:44:30,617] INFO django.server "OPTIONS /api/auth/login/ HTTP/1.1" 200 0
[2026-04-11 06:44:32,930] INFO app request method=POST path=/api/auth/login/ status=200 duration_ms=2123.6 user_id=None
[2026-04-11 06:44:32,933] INFO django.server "POST /api/auth/login/ HTTP/1.1" 200 285
[2026-04-11 06:44:32,933] INFO django.server "POST /api/auth/login/ HTTP/1.1" 200 285
[2026-04-11 06:44:32,954] INFO django.server "OPTIONS /api/auth/me/ HTTP/1.1" 200 0
[2026-04-11 06:44:32,954] INFO django.server "OPTIONS /api/auth/me/ HTTP/1.1" 200 0
[2026-04-11 06:44:33,051] INFO app request method=GET path=/api/auth/me/ status=200 duration_ms=85.25 user_id=1
[2026-04-11 06:44:33,052] INFO django.server "GET /api/auth/me/ HTTP/1.1" 200 84
[2026-04-11 06:44:33,052] INFO django.server "GET /api/auth/me/ HTTP/1.1" 200 84
[2026-04-11 06:44:33,205] INFO django.server "OPTIONS /api/patients/ HTTP/1.1" 200 0
[2026-04-11 06:44:33,205] INFO django.server "OPTIONS /api/patients/ HTTP/1.1" 200 0
[2026-04-11 06:44:33,212] INFO django.server "OPTIONS /api/media/ HTTP/1.1" 200 0
[2026-04-11 06:44:33,212] INFO django.server "OPTIONS /api/media/ HTTP/1.1" 200 0
[2026-04-11 06:44:33,241] INFO django.server "OPTIONS /api/patients/ HTTP/1.1" 200 0
[2026-04-11 06:44:33,241] INFO django.server "OPTIONS /api/patients/ HTTP/1.1" 200 0
[2026-04-11 06:44:33,260] INFO django.server "OPTIONS /api/media/ HTTP/1.1" 200 0
[2026-04-11 06:44:33,260] INFO django.server "OPTIONS /api/media/ HTTP/1.1" 200 0
[2026-04-11 06:44:33,338] INFO app request method=GET path=/api/patients/ status=200 duration_ms=121.98 user_id=1
[2026-04-11 06:44:33,340] INFO django.server "GET /api/patients/ HTTP/1.1" 200 2
[2026-04-11 06:44:33,340] INFO django.server "GET /api/patients/ HTTP/1.1" 200 2
[2026-04-11 06:44:33,393] INFO app request method=GET path=/api/patients/ status=200 duration_ms=45.36 user_id=1
[2026-04-11 06:44:33,395] INFO django.server "GET /api/patients/ HTTP/1.1" 200 2
[2026-04-11 06:44:33,396] INFO app request method=GET path=/api/media/ status=200 duration_ms=93.23 user_id=1
[2026-04-11 06:44:33,395] INFO django.server "GET /api/patients/ HTTP/1.1" 200 2
[2026-04-11 06:44:33,399] INFO django.server "GET /api/media/ HTTP/1.1" 200 2
[2026-04-11 06:44:33,399] INFO django.server "GET /api/media/ HTTP/1.1" 200 2
[2026-04-11 06:44:33,463] INFO app request method=GET path=/api/media/ status=200 duration_ms=58.13 user_id=1
[2026-04-11 06:44:33,466] INFO django.server "GET /api/media/ HTTP/1.1" 200 2
[2026-04-11 06:44:33,466] INFO django.server "GET /api/media/ HTTP/1.1" 200 2
[2026-04-11 06:44:36,096] INFO django.server "OPTIONS /api/auth/doctors/ HTTP/1.1" 200 0
[2026-04-11 06:44:36,096] INFO django.server "OPTIONS /api/auth/doctors/ HTTP/1.1" 200 0
[2026-04-11 06:44:36,096] INFO django.server "OPTIONS /api/auth/doctors/ HTTP/1.1" 200 0
[2026-04-11 06:44:36,096] INFO django.server "OPTIONS /api/auth/doctors/ HTTP/1.1" 200 0
[2026-04-11 06:44:36,158] INFO app request method=GET path=/api/auth/doctors/ status=200 duration_ms=54.3 user_id=1
[2026-04-11 06:44:36,162] INFO django.server "GET /api/auth/doctors/ HTTP/1.1" 200 2
[2026-04-11 06:44:36,162] INFO django.server "GET /api/auth/doctors/ HTTP/1.1" 200 2
[2026-04-11 06:44:36,203] INFO app request method=GET path=/api/auth/doctors/ status=200 duration_ms=36.4 user_id=1
[2026-04-11 06:44:36,205] INFO django.server "GET /api/auth/doctors/ HTTP/1.1" 200 2
[2026-04-11 06:44:36,205] INFO django.server "GET /api/auth/doctors/ HTTP/1.1" 200 2
[2026-04-11 06:44:36,525] INFO django.server "OPTIONS /api/patients/? HTTP/1.1" 200 0
[2026-04-11 06:44:36,525] INFO django.server "OPTIONS /api/patients/? HTTP/1.1" 200 0
[2026-04-11 06:44:36,691] INFO app request method=GET path=/api/patients/ status=200 duration_ms=135.83 user_id=1
[2026-04-11 06:44:36,693] INFO django.server "GET /api/patients/? HTTP/1.1" 200 2
[2026-04-11 06:44:36,693] INFO django.server "GET /api/patients/? HTTP/1.1" 200 2
[2026-04-11 06:44:41,215] INFO django.server "OPTIONS /api/auth/logout/ HTTP/1.1" 200 0
[2026-04-11 06:44:41,215] INFO django.server "OPTIONS /api/auth/logout/ HTTP/1.1" 200 0
[2026-04-11 06:44:41,260] INFO app request method=POST path=/api/auth/logout/ status=200 duration_ms=41.16 user_id=1
[2026-04-11 06:44:41,262] INFO django.server "POST /api/auth/logout/ HTTP/1.1" 200 37
[2026-04-11 06:44:41,262] INFO django.server "POST /api/auth/logout/ HTTP/1.1" 200 37
[2026-04-11 06:45:01,053] INFO django.server "OPTIONS /api/auth/register/ HTTP/1.1" 200 0
[2026-04-11 06:45:01,053] INFO django.server "OPTIONS /api/auth/register/ HTTP/1.1" 200 0
[2026-04-11 06:45:07,321] INFO app request method=POST path=/api/auth/register/ status=201 duration_ms=6259.74 user_id=None
[2026-04-11 06:45:07,322] INFO django.server "POST /api/auth/register/ HTTP/1.1" 201 42
[2026-04-11 06:45:07,322] INFO django.server "POST /api/auth/register/ HTTP/1.1" 201 42
[2026-04-11 06:45:19,396] INFO app request method=POST path=/api/auth/login/ status=200 duration_ms=275.05 user_id=None
[2026-04-11 06:45:19,399] INFO django.server "POST /api/auth/login/ HTTP/1.1" 200 287
[2026-04-11 06:45:19,399] INFO django.server "POST /api/auth/login/ HTTP/1.1" 200 287
[2026-04-11 06:45:19,447] INFO app request method=GET path=/api/auth/me/ status=200 duration_ms=38.13 user_id=2
[2026-04-11 06:45:19,448] INFO django.server "GET /api/auth/me/ HTTP/1.1" 200 94
[2026-04-11 06:45:19,448] INFO django.server "GET /api/auth/me/ HTTP/1.1" 200 94
[2026-04-11 06:45:19,605] INFO app request method=GET path=/api/media/ status=200 duration_ms=41.31 user_id=2
[2026-04-11 06:45:19,607] INFO django.server "GET /api/media/ HTTP/1.1" 200 2
[2026-04-11 06:45:19,607] INFO django.server "GET /api/media/ HTTP/1.1" 200 2
[2026-04-11 06:45:19,631] INFO app request method=GET path=/api/patients/ status=200 duration_ms=59.09 user_id=2
[2026-04-11 06:45:19,633] INFO django.server "GET /api/patients/ HTTP/1.1" 200 2
[2026-04-11 06:45:19,633] INFO django.server "GET /api/patients/ HTTP/1.1" 200 2
[2026-04-11 06:45:19,670] INFO app request method=GET path=/api/media/ status=200 duration_ms=51.55 user_id=2
[2026-04-11 06:45:19,672] INFO django.server "GET /api/media/ HTTP/1.1" 200 2
[2026-04-11 06:45:19,672] INFO django.server "GET /api/media/ HTTP/1.1" 200 2
[2026-04-11 06:45:19,713] INFO app request method=GET path=/api/patients/ status=200 duration_ms=71.73 user_id=2
[2026-04-11 06:45:19,715] INFO django.server "GET /api/patients/ HTTP/1.1" 200 2
[2026-04-11 06:45:19,715] INFO django.server "GET /api/patients/ HTTP/1.1" 200 2
[2026-04-11 06:45:34,756] INFO app request method=GET path=/api/patients/ status=200 duration_ms=25.55 user_id=2
[2026-04-11 06:45:34,757] INFO django.server "GET /api/patients/? HTTP/1.1" 200 2
[2026-04-11 06:45:34,757] INFO django.server "GET /api/patients/? HTTP/1.1" 200 2
[2026-04-11 06:45:50,719] INFO app patient_created patient_id=1 actor_id=2 assigned_doctor_id=2
[2026-04-11 06:45:50,767] INFO app request method=POST path=/api/patients/ status=201 duration_ms=214.02 user_id=2
[2026-04-11 06:45:50,772] INFO django.server "POST /api/patients/ HTTP/1.1" 201 161
[2026-04-11 06:45:50,772] INFO django.server "POST /api/patients/ HTTP/1.1" 201 161
[2026-04-11 06:45:50,849] INFO app request method=GET path=/api/patients/ status=200 duration_ms=62.83 user_id=2
[2026-04-11 06:45:50,855] INFO django.server "GET /api/patients/? HTTP/1.1" 200 163
[2026-04-11 06:45:50,855] INFO django.server "GET /api/patients/? HTTP/1.1" 200 163
[2026-04-11 06:46:02,266] INFO django.server "OPTIONS /api/patients/1/ HTTP/1.1" 200 0
[2026-04-11 06:46:02,266] INFO django.server "OPTIONS /api/patients/1/ HTTP/1.1" 200 0
[2026-04-11 06:46:02,353] INFO app request method=PATCH path=/api/patients/1/ status=200 duration_ms=81.3 user_id=2
[2026-04-11 06:46:02,354] INFO django.server "PATCH /api/patients/1/ HTTP/1.1" 200 133
[2026-04-11 06:46:02,354] INFO django.server "PATCH /api/patients/1/ HTTP/1.1" 200 133
[2026-04-11 06:46:02,409] INFO app request method=GET path=/api/patients/ status=200 duration_ms=48.72 user_id=2
[2026-04-11 06:46:02,416] INFO django.server "GET /api/patients/? HTTP/1.1" 200 135
[2026-04-11 06:46:02,416] INFO django.server "GET /api/patients/? HTTP/1.1" 200 135
[2026-04-11 06:46:07,291] INFO app request method=POST path=/api/auth/logout/ status=200 duration_ms=24.02 user_id=2
[2026-04-11 06:46:07,292] INFO django.server "POST /api/auth/logout/ HTTP/1.1" 200 37
[2026-04-11 06:46:07,292] INFO django.server "POST /api/auth/logout/ HTTP/1.1" 200 37
